Using pre-set license
Built from '2020.2/release' branch; Version is '2020.2.2f1 (068178b99f32) revision 426360'; Using compiler version '192528614'; Build Type 'Release'
OS: 'Windows 10 Home; OS build 19042.928; Version 2009; 64bit' Language: 'ko' Physical Memory: 16315 MB
BatchMode: 1, IsHumanControllingUs: 0, StartBugReporterOnCrash: 0, Is64bit: 1, IsPro: 0

 COMMAND LINE ARGUMENTS:
D:\2020.2.2f1\Editor\Unity.exe
-adb2
-batchMode
-noUpm
-name
AssetImportWorker0
-projectPath
C:/Unity/New Unity Project0429
-logFile
Logs/AssetImportWorker0.log
-srvPort
56261
Successfully changed project path to: C:/Unity/New Unity Project0429
C:/Unity/New Unity Project0429
Using Asset Import Pipeline V2.
Refreshing native plugins compatible for Editor in 45.37 ms, found 2 plugins.
Preloading 0 native plugins for Editor in 0.00 ms.
Initialize engine version: 2020.2.2f1 (068178b99f32)
[Subsystems] Discovering subsystems at path D:/2020.2.2f1/Editor/Data/Resources/UnitySubsystems
[Subsystems] Discovering subsystems at path C:/Unity/New Unity Project0429/Assets
GfxDevice: creating device client; threaded=0
Direct3D:
    Version:  Direct3D 11.0 [level 11.1]
    Renderer: NVIDIA GeForce RTX 2060 (ID=0x1f08)
    Vendor:   
    VRAM:     5980 MB
    Driver:   27.21.14.6627
Initialize mono
Mono path[0] = 'D:/2020.2.2f1/Editor/Data/Managed'
Mono path[1] = 'D:/2020.2.2f1/Editor/Data/MonoBleedingEdge/lib/mono/unityjit'
Mono config path = 'D:/2020.2.2f1/Editor/Data/MonoBleedingEdge/etc'
Using monoOptions --debugger-agent=transport=dt_socket,embedding=1,server=y,suspend=n,address=127.0.0.1:56024
Begin MonoManager ReloadAssembly
Registering precompiled unity dll's ...
Register platform support module: D:/2020.2.2f1/Editor/Data/PlaybackEngines/WebGLSupport/UnityEditor.WebGL.Extensions.dll
Register platform support module: D:/2020.2.2f1/Editor/Data/PlaybackEngines/WindowsStandaloneSupport/UnityEditor.WindowsStandalone.Extensions.dll
Registered in 0.002037 seconds.
Native extension for WindowsStandalone target not found
Native extension for WebGL target not found
Refreshing native plugins compatible for Editor in 36.63 ms, found 2 plugins.
Preloading 0 native plugins for Editor in 0.00 ms.
Invoked RoslynAnalysisRunner static constructor.
RoslynAnalysisRunner will not be running.
RoslynAnalysisRunner has terminated.
Mono: successfully reloaded assembly
- Completed reload, in  2.728 seconds
Platform modules already initialized, skipping
Registering precompiled user dll's ...
Registered in 0.013138 seconds.
Begin MonoManager ReloadAssembly
Native extension for WindowsStandalone target not found
Native extension for WebGL target not found
Refreshing native plugins compatible for Editor in 37.17 ms, found 2 plugins.
Preloading 0 native plugins for Editor in 0.00 ms.
Invoked RoslynAnalysisRunner static constructor.
RoslynAnalysisRunner will not be running.
RoslynAnalysisRunner has terminated.
Mono: successfully reloaded assembly
- Completed reload, in  1.041 seconds
Platform modules already initialized, skipping
========================================================================
Worker process is ready to serve import requests
Launched and connected shader compiler UnityShaderCompiler.exe after 0.05 seconds
Refreshing native plugins compatible for Editor in 0.48 ms, found 2 plugins.
Preloading 0 native plugins for Editor in 0.00 ms.
Unloading 1785 Unused Serialized files (Serialized files now loaded: 0)
System memory in use before: 87.2 MB.
System memory in use after: 87.2 MB.

Unloading 35 unused Assets to reduce memory usage. Loaded Objects now: 2250.
Total: 1.982400 ms (FindLiveObjects: 0.231800 ms CreateObjectMapping: 0.040600 ms MarkObjects: 1.642100 ms  DeleteObjects: 0.066500 ms)

========================================================================
Received Import Request.
  path: Assets/Scenes
  artifactKey: Guid(22b95b2c87ae40a48ba50bfc64f215d1) Importer(815301076,1909f56bfc062723c751e8b465ee728b)
Start importing Assets/Scenes using Guid(22b95b2c87ae40a48ba50bfc64f215d1) Importer(815301076,1909f56bfc062723c751e8b465ee728b)  -> (artifact id: 'ea747cfc0a04969e215a7c5c630df97c') in 0.010037 seconds
  Import took 0.013243 seconds .

========================================================================
Received Import Request.
  Time since last request: 133.469762 seconds.
  path: Assets/Scenes/Player_Idle
  artifactKey: Guid(e7f78a37366a8a0458867030b2536324) Importer(815301076,1909f56bfc062723c751e8b465ee728b)
Start importing Assets/Scenes/Player_Idle using Guid(e7f78a37366a8a0458867030b2536324) Importer(815301076,1909f56bfc062723c751e8b465ee728b)  -> (artifact id: '315d2c0fff58dbdc65394931c47d27f8') in 0.010207 seconds
  Import took 0.013173 seconds .

========================================================================
Received Import Request.
  Time since last request: 76.401721 seconds.
  path: Assets/Scenes/Scripts
  artifactKey: Guid(7d56587f56ac748408b8a8e33709ae69) Importer(815301076,1909f56bfc062723c751e8b465ee728b)
Start importing Assets/Scenes/Scripts using Guid(7d56587f56ac748408b8a8e33709ae69) Importer(815301076,1909f56bfc062723c751e8b465ee728b)  -> (artifact id: '5ba84e63810e37ff862da1881eee6a49') in 0.009662 seconds
  Import took 0.012688 seconds .

========================================================================
Received Import Request.
  Time since last request: 37.043922 seconds.
  path: Assets/Scenes/Player_Idle/Anim_IDLE_00001.png
  artifactKey: Guid(1de6e250b73eb0f4284efda68685d786) Importer(815301076,1909f56bfc062723c751e8b465ee728b)
Start importing Assets/Scenes/Player_Idle/Anim_IDLE_00001.png using Guid(1de6e250b73eb0f4284efda68685d786) Importer(815301076,1909f56bfc062723c751e8b465ee728b)  -> (artifact id: '590aebd65c7ed0c11958cf0ed5d35d6a') in 0.174920 seconds
  Import took 0.177757 seconds .

========================================================================
Received Import Request.
  Time since last request: 0.801333 seconds.
  path: Assets/Scenes/Player_Idle/Anim_IDLE_00003.png
  artifactKey: Guid(ddfdee77d97ed7449a00cd0bbaee57c7) Importer(815301076,1909f56bfc062723c751e8b465ee728b)
Start importing Assets/Scenes/Player_Idle/Anim_IDLE_00003.png using Guid(ddfdee77d97ed7449a00cd0bbaee57c7) Importer(815301076,1909f56bfc062723c751e8b465ee728b)  -> (artifact id: '4581fd6538da048bfaa3e89ef007c03e') in 0.030721 seconds
  Import took 0.033542 seconds .

========================================================================
Received Import Request.
  Time since last request: 2.715493 seconds.
  path: Assets/Scenes/Player_Idle/Anim_IDLE_00005.png
  artifactKey: Guid(f24c1a0c7cdb9b9429bec174fbf33c91) Importer(815301076,1909f56bfc062723c751e8b465ee728b)
Start importing Assets/Scenes/Player_Idle/Anim_IDLE_00005.png using Guid(f24c1a0c7cdb9b9429bec174fbf33c91) Importer(815301076,1909f56bfc062723c751e8b465ee728b)  -> (artifact id: 'ef38fdc047cbb2e24635379b93e1dfee') in 0.029864 seconds
  Import took 0.032649 seconds .

========================================================================
Received Import Request.
  Time since last request: 0.526774 seconds.
  path: Assets/Scenes/Player_Idle/Anim_IDLE_00007.png
  artifactKey: Guid(256286a8af748a842b551e07efb2f12a) Importer(815301076,1909f56bfc062723c751e8b465ee728b)
Start importing Assets/Scenes/Player_Idle/Anim_IDLE_00007.png using Guid(256286a8af748a842b551e07efb2f12a) Importer(815301076,1909f56bfc062723c751e8b465ee728b)  -> (artifact id: 'e79fc52a93fb264832417eee5b5c869c') in 0.029257 seconds
  Import took 0.032172 seconds .

========================================================================
Received Import Request.
  Time since last request: 0.720251 seconds.
  path: Assets/Scenes/Player_Idle/Anim_IDLE_00011.png
  artifactKey: Guid(bb96b774a05c46c449556ea6191bbcfe) Importer(815301076,1909f56bfc062723c751e8b465ee728b)
Start importing Assets/Scenes/Player_Idle/Anim_IDLE_00011.png using Guid(bb96b774a05c46c449556ea6191bbcfe) Importer(815301076,1909f56bfc062723c751e8b465ee728b)  -> (artifact id: '001cd608692f027f467a98af65983398') in 0.021568 seconds
  Import took 0.026128 seconds .

========================================================================
Received Import Request.
  Time since last request: 25.908121 seconds.
  path: Assets/Scenes/Scripts/Player.cs
  artifactKey: Guid(64055547c491e8a4184b364e46fcc344) Importer(815301076,1909f56bfc062723c751e8b465ee728b)
Start importing Assets/Scenes/Scripts/Player.cs using Guid(64055547c491e8a4184b364e46fcc344) Importer(815301076,1909f56bfc062723c751e8b465ee728b)  -> (artifact id: '3e91656c518027ab52031a66a52a5c85') in 0.039004 seconds
  Import took 0.041719 seconds .

========================================================================
Received Import Request.
  Time since last request: 0.141962 seconds.
  path: Assets/Scenes/Scripts/Player.cs
  artifactKey: Guid(64055547c491e8a4184b364e46fcc344) Importer(815301076,1909f56bfc062723c751e8b465ee728b)
Start importing Assets/Scenes/Scripts/Player.cs using Guid(64055547c491e8a4184b364e46fcc344) Importer(815301076,1909f56bfc062723c751e8b465ee728b)  -> (artifact id: '3e91656c518027ab52031a66a52a5c85') in 0.004217 seconds
  Import took 0.007233 seconds .

========================================================================
Received Prepare
Registering precompiled user dll's ...
Registered in 0.013329 seconds.
Begin MonoManager ReloadAssembly
Native extension for WindowsStandalone target not found
Native extension for WebGL target not found
Refreshing native plugins compatible for Editor in 0.51 ms, found 2 plugins.
Preloading 0 native plugins for Editor in 0.00 ms.
Invoked RoslynAnalysisRunner static constructor.
RoslynAnalysisRunner will not be running.
RoslynAnalysisRunner has terminated.
Mono: successfully reloaded assembly
- Completed reload, in  0.993 seconds
Platform modules already initialized, skipping
Refreshing native plugins compatible for Editor in 0.51 ms, found 2 plugins.
Preloading 0 native plugins for Editor in 0.00 ms.
Unloading 1777 Unused Serialized files (Serialized files now loaded: 0)
System memory in use before: 90.0 MB.
System memory in use after: 90.1 MB.

Unloading 24 unused Assets to reduce memory usage. Loaded Objects now: 2259.
Total: 1.888200 ms (FindLiveObjects: 0.224600 ms CreateObjectMapping: 0.041200 ms MarkObjects: 1.602900 ms  DeleteObjects: 0.018200 ms)

========================================================================
Received Import Request.
  Time since last request: 681.207678 seconds.
  path: Assets/Scenes/Macros
  artifactKey: Guid(32919c0cc1a38f74ca1e1f6dd4169353) Importer(815301076,1909f56bfc062723c751e8b465ee728b)
Start importing Assets/Scenes/Macros using Guid(32919c0cc1a38f74ca1e1f6dd4169353) Importer(815301076,1909f56bfc062723c751e8b465ee728b)  -> (artifact id: 'ca9052f5f747386b31d5bb8ddae98145') in 0.012115 seconds
  Import took 0.015152 seconds .

========================================================================
Received Import Request.
  Time since last request: 59.990689 seconds.
  path: Assets/Scenes/Macros/Player.asset
  artifactKey: Guid(5516ab6b5db65d44d9b9fe9c757e08f6) Importer(815301076,1909f56bfc062723c751e8b465ee728b)
Start importing Assets/Scenes/Macros/Player.asset using Guid(5516ab6b5db65d44d9b9fe9c757e08f6) Importer(815301076,1909f56bfc062723c751e8b465ee728b)  -> (artifact id: '59b3884cbbc0ed3177f268aa29fad48d') in 0.073349 seconds
  Import took 0.076425 seconds .

========================================================================
Received Import Request.
  Time since last request: 0.000931 seconds.
  path: Assets/Scenes/Macros/Player.asset
  artifactKey: Guid(5516ab6b5db65d44d9b9fe9c757e08f6) Importer(815301076,1909f56bfc062723c751e8b465ee728b)
Start importing Assets/Scenes/Macros/Player.asset using Guid(5516ab6b5db65d44d9b9fe9c757e08f6) Importer(815301076,1909f56bfc062723c751e8b465ee728b)  -> (artifact id: '59b3884cbbc0ed3177f268aa29fad48d') in 0.005443 seconds
  Import took 0.008279 seconds .

========================================================================
Received Prepare
Registering precompiled user dll's ...
Registered in 0.013644 seconds.
Begin MonoManager ReloadAssembly
Native extension for WindowsStandalone target not found
Native extension for WebGL target not found
Refreshing native plugins compatible for Editor in 0.55 ms, found 2 plugins.
Preloading 0 native plugins for Editor in 0.00 ms.
Invoked RoslynAnalysisRunner static constructor.
RoslynAnalysisRunner will not be running.
RoslynAnalysisRunner has terminated.
Mono: successfully reloaded assembly
- Completed reload, in  1.025 seconds
Platform modules already initialized, skipping
Refreshing native plugins compatible for Editor in 0.51 ms, found 2 plugins.
Preloading 0 native plugins for Editor in 0.00 ms.
Unloading 1777 Unused Serialized files (Serialized files now loaded: 0)
System memory in use before: 90.1 MB.
System memory in use after: 90.2 MB.

Unloading 24 unused Assets to reduce memory usage. Loaded Objects now: 2261.
Total: 1.993900 ms (FindLiveObjects: 0.228100 ms CreateObjectMapping: 0.040300 ms MarkObjects: 1.703000 ms  DeleteObjects: 0.021300 ms)

========================================================================
Received Prepare
Registering precompiled user dll's ...
Registered in 0.012362 seconds.
Begin MonoManager ReloadAssembly
Native extension for WindowsStandalone target not found
Native extension for WebGL target not found
Refreshing native plugins compatible for Editor in 0.51 ms, found 2 plugins.
Preloading 0 native plugins for Editor in 0.00 ms.
Invoked RoslynAnalysisRunner static constructor.
RoslynAnalysisRunner will not be running.
RoslynAnalysisRunner has terminated.
Mono: successfully reloaded assembly
- Completed reload, in  1.013 seconds
Platform modules already initialized, skipping
Refreshing native plugins compatible for Editor in 0.52 ms, found 2 plugins.
Preloading 0 native plugins for Editor in 0.00 ms.
Unloading 1777 Unused Serialized files (Serialized files now loaded: 0)
System memory in use before: 90.2 MB.
System memory in use after: 90.3 MB.

Unloading 24 unused Assets to reduce memory usage. Loaded Objects now: 2263.
Total: 2.544300 ms (FindLiveObjects: 0.328900 ms CreateObjectMapping: 0.059900 ms MarkObjects: 2.131500 ms  DeleteObjects: 0.022600 ms)

========================================================================
Received Prepare
Registering precompiled user dll's ...
Registered in 0.012078 seconds.
Begin MonoManager ReloadAssembly
Native extension for WindowsStandalone target not found
Native extension for WebGL target not found
Refreshing native plugins compatible for Editor in 0.51 ms, found 2 plugins.
Preloading 0 native plugins for Editor in 0.00 ms.
Invoked RoslynAnalysisRunner static constructor.
RoslynAnalysisRunner will not be running.
RoslynAnalysisRunner has terminated.
Mono: successfully reloaded assembly
- Completed reload, in  0.995 seconds
Platform modules already initialized, skipping
Refreshing native plugins compatible for Editor in 0.53 ms, found 2 plugins.
Preloading 0 native plugins for Editor in 0.00 ms.
Unloading 1777 Unused Serialized files (Serialized files now loaded: 0)
System memory in use before: 90.3 MB.
System memory in use after: 90.4 MB.

Unloading 24 unused Assets to reduce memory usage. Loaded Objects now: 2265.
Total: 1.938200 ms (FindLiveObjects: 0.240900 ms CreateObjectMapping: 0.040000 ms MarkObjects: 1.638200 ms  DeleteObjects: 0.018200 ms)

========================================================================
Received Prepare
Registering precompiled user dll's ...
Registered in 0.012991 seconds.
Begin MonoManager ReloadAssembly
Native extension for WindowsStandalone target not found
Native extension for WebGL target not found
Refreshing native plugins compatible for Editor in 0.51 ms, found 2 plugins.
Preloading 0 native plugins for Editor in 0.00 ms.
Invoked RoslynAnalysisRunner static constructor.
RoslynAnalysisRunner will not be running.
RoslynAnalysisRunner has terminated.
Mono: successfully reloaded assembly
- Completed reload, in  0.999 seconds
Platform modules already initialized, skipping
Refreshing native plugins compatible for Editor in 0.53 ms, found 2 plugins.
Preloading 0 native plugins for Editor in 0.00 ms.
Unloading 1777 Unused Serialized files (Serialized files now loaded: 0)
System memory in use before: 90.4 MB.
System memory in use after: 90.5 MB.

Unloading 24 unused Assets to reduce memory usage. Loaded Objects now: 2267.
Total: 2.271300 ms (FindLiveObjects: 0.296500 ms CreateObjectMapping: 0.045300 ms MarkObjects: 1.903700 ms  DeleteObjects: 0.024500 ms)

========================================================================
Received Prepare
Registering precompiled user dll's ...
Registered in 0.012478 seconds.
Begin MonoManager ReloadAssembly
Native extension for WindowsStandalone target not found
Native extension for WebGL target not found
Refreshing native plugins compatible for Editor in 0.56 ms, found 2 plugins.
Preloading 0 native plugins for Editor in 0.00 ms.
Invoked RoslynAnalysisRunner static constructor.
RoslynAnalysisRunner will not be running.
RoslynAnalysisRunner has terminated.
Mono: successfully reloaded assembly
- Completed reload, in  1.004 seconds
Platform modules already initialized, skipping
Refreshing native plugins compatible for Editor in 0.51 ms, found 2 plugins.
Preloading 0 native plugins for Editor in 0.00 ms.
Unloading 1777 Unused Serialized files (Serialized files now loaded: 0)
System memory in use before: 90.5 MB.
System memory in use after: 90.6 MB.

Unloading 24 unused Assets to reduce memory usage. Loaded Objects now: 2269.
Total: 2.208600 ms (FindLiveObjects: 0.322600 ms CreateObjectMapping: 0.066500 ms MarkObjects: 1.794100 ms  DeleteObjects: 0.024200 ms)

========================================================================
Received Prepare
Registering precompiled user dll's ...
Registered in 0.012570 seconds.
Begin MonoManager ReloadAssembly
Native extension for WindowsStandalone target not found
Native extension for WebGL target not found
Refreshing native plugins compatible for Editor in 0.69 ms, found 2 plugins.
Preloading 0 native plugins for Editor in 0.00 ms.
Invoked RoslynAnalysisRunner static constructor.
RoslynAnalysisRunner will not be running.
RoslynAnalysisRunner has terminated.
Mono: successfully reloaded assembly
- Completed reload, in  1.003 seconds
Platform modules already initialized, skipping
Refreshing native plugins compatible for Editor in 0.54 ms, found 2 plugins.
Preloading 0 native plugins for Editor in 0.00 ms.
Unloading 1777 Unused Serialized files (Serialized files now loaded: 0)
System memory in use before: 90.6 MB.
System memory in use after: 90.7 MB.

Unloading 24 unused Assets to reduce memory usage. Loaded Objects now: 2271.
Total: 2.184500 ms (FindLiveObjects: 0.323400 ms CreateObjectMapping: 0.070700 ms MarkObjects: 1.764200 ms  DeleteObjects: 0.024700 ms)

========================================================================
Received Prepare
Registering precompiled user dll's ...
Registered in 0.012312 seconds.
Begin MonoManager ReloadAssembly
Native extension for WindowsStandalone target not found
Native extension for WebGL target not found
Refreshing native plugins compatible for Editor in 0.77 ms, found 2 plugins.
Preloading 0 native plugins for Editor in 0.00 ms.
Invoked RoslynAnalysisRunner static constructor.
RoslynAnalysisRunner will not be running.
RoslynAnalysisRunner has terminated.
Mono: successfully reloaded assembly
- Completed reload, in  0.944 seconds
Platform modules already initialized, skipping
Refreshing native plugins compatible for Editor in 0.49 ms, found 2 plugins.
Preloading 0 native plugins for Editor in 0.00 ms.
Unloading 1777 Unused Serialized files (Serialized files now loaded: 0)
System memory in use before: 90.7 MB.
System memory in use after: 90.8 MB.

Unloading 24 unused Assets to reduce memory usage. Loaded Objects now: 2273.
Total: 1.934800 ms (FindLiveObjects: 0.228700 ms CreateObjectMapping: 0.040900 ms MarkObjects: 1.645300 ms  DeleteObjects: 0.019000 ms)

========================================================================
Received Import Request.
  Time since last request: 3740.512200 seconds.
  path: Assets/Ani/Player-2.controller
  artifactKey: Guid(240af103a2e9c8e4a8df95d78e397196) Importer(815301076,1909f56bfc062723c751e8b465ee728b)
Start importing Assets/Ani/Player-2.controller using Guid(240af103a2e9c8e4a8df95d78e397196) Importer(815301076,1909f56bfc062723c751e8b465ee728b)  -> (artifact id: 'c0ca42d2eed386a28adb4566a27966bb') in 0.020449 seconds
  Import took 0.023637 seconds .

========================================================================
Received Import Request.
  Time since last request: 5.037738 seconds.
  path: Assets/Ani/Player.Idle-2.anim
  artifactKey: Guid(8b42dbf29da72a84598ab1b8e3e7df4b) Importer(815301076,1909f56bfc062723c751e8b465ee728b)
Start importing Assets/Ani/Player.Idle-2.anim using Guid(8b42dbf29da72a84598ab1b8e3e7df4b) Importer(815301076,1909f56bfc062723c751e8b465ee728b)  -> (artifact id: 'd8d1247162b599179d30582abea1dad3') in 0.012108 seconds
  Import took 0.014911 seconds .

========================================================================
Received Import Request.
  Time since last request: 9.223735 seconds.
  path: Assets/Ani/New Animator Controller.controller
  artifactKey: Guid(9a3f36c95b2324e47b292b62ad055c75) Importer(815301076,1909f56bfc062723c751e8b465ee728b)
Start importing Assets/Ani/New Animator Controller.controller using Guid(9a3f36c95b2324e47b292b62ad055c75) Importer(815301076,1909f56bfc062723c751e8b465ee728b)  -> (artifact id: '5832314174c3bec45a269de108e2e9b7') in 0.007989 seconds
  Import took 0.011485 seconds .

========================================================================
Received Import Request.
  Time since last request: 0.010615 seconds.
  path: Assets/Ani/New Animator Controller.controller
  artifactKey: Guid(9a3f36c95b2324e47b292b62ad055c75) Importer(815301076,1909f56bfc062723c751e8b465ee728b)
Start importing Assets/Ani/New Animator Controller.controller using Guid(9a3f36c95b2324e47b292b62ad055c75) Importer(815301076,1909f56bfc062723c751e8b465ee728b)  -> (artifact id: '5832314174c3bec45a269de108e2e9b7') in 0.005447 seconds
  Import took 0.008305 seconds .

========================================================================
Received Import Request.
  Time since last request: 12.079188 seconds.
  path: Assets/Ani/Player.controller
  artifactKey: Guid(9a3f36c95b2324e47b292b62ad055c75) Importer(815301076,1909f56bfc062723c751e8b465ee728b)
Start importing Assets/Ani/Player.controller using Guid(9a3f36c95b2324e47b292b62ad055c75) Importer(815301076,1909f56bfc062723c751e8b465ee728b)  -> (artifact id: '0cffdcd87ba266bf85e1a33669e18e6d') in 0.004771 seconds
  Import took 0.007720 seconds .

========================================================================
Received Import Request.
  Time since last request: 574.375498 seconds.
  path: Assets/Scenes/Player_Idle/Anim_IDLE_00009.png
  artifactKey: Guid(aac200c49bedb2e4f96035e8378b3564) Importer(815301076,1909f56bfc062723c751e8b465ee728b)
Start importing Assets/Scenes/Player_Idle/Anim_IDLE_00009.png using Guid(aac200c49bedb2e4f96035e8378b3564) Importer(815301076,1909f56bfc062723c751e8b465ee728b)  -> (artifact id: '0f26e5d9753a2fbb36cd82331d3b44ca') in 0.059601 seconds
  Import took 0.062778 seconds .

========================================================================
Received Import Request.
  Time since last request: 0.000319 seconds.
  path: Assets/Scenes/Player_Idle/Anim_IDLE_00015.png
  artifactKey: Guid(e28efa46b96bf48448639e840f434b51) Importer(815301076,1909f56bfc062723c751e8b465ee728b)
Start importing Assets/Scenes/Player_Idle/Anim_IDLE_00015.png using Guid(e28efa46b96bf48448639e840f434b51) Importer(815301076,1909f56bfc062723c751e8b465ee728b)  -> (artifact id: '08fea308d6c7648c32fd39d7d25e8b91') in 0.018805 seconds
  Import took 0.021994 seconds .

========================================================================
Received Import Request.
  Time since last request: 0.000314 seconds.
  path: Assets/Scenes/Player_Idle/Anim_IDLE_00017.png
  artifactKey: Guid(3756d6cdd7354e247939d54fa2468286) Importer(815301076,1909f56bfc062723c751e8b465ee728b)
Start importing Assets/Scenes/Player_Idle/Anim_IDLE_00017.png using Guid(3756d6cdd7354e247939d54fa2468286) Importer(815301076,1909f56bfc062723c751e8b465ee728b)  -> (artifact id: '2f6b8d8e9a45af337c7ef93ab2ad6531') in 0.027897 seconds
  Import took 0.031207 seconds .

========================================================================
Received Import Request.
  Time since last request: 0.000339 seconds.
  path: Assets/Scenes/Player_Idle/Anim_IDLE_00013.png
  artifactKey: Guid(bcba45e7171ab9b42815d4e94959eab8) Importer(815301076,1909f56bfc062723c751e8b465ee728b)
Start importing Assets/Scenes/Player_Idle/Anim_IDLE_00013.png using Guid(bcba45e7171ab9b42815d4e94959eab8) Importer(815301076,1909f56bfc062723c751e8b465ee728b)  -> (artifact id: 'a3082e1adc133411071c400b280da353') in 0.026883 seconds
  Import took 0.030285 seconds .

========================================================================
Received Import Request.
  Time since last request: 97.103597 seconds.
  path: Assets/Scenes/Player_Idle/Anim_IDLE_00027.png
  artifactKey: Guid(f51b2e48619e5a94fbeb8231a724132d) Importer(815301076,1909f56bfc062723c751e8b465ee728b)
Start importing Assets/Scenes/Player_Idle/Anim_IDLE_00027.png using Guid(f51b2e48619e5a94fbeb8231a724132d) Importer(815301076,1909f56bfc062723c751e8b465ee728b)  -> (artifact id: '12a6fd95cf74764e4b7755a35c4213e4') in 0.024541 seconds
  Import took 0.027406 seconds .

========================================================================
Received Import Request.
  Time since last request: 211.950985 seconds.
  path: Assets/Scenes/Player_Idle/Anim_IDLE_00001.controller
  artifactKey: Guid(bc4c33e210ceab746a50abf2e46c222b) Importer(815301076,1909f56bfc062723c751e8b465ee728b)
Start importing Assets/Scenes/Player_Idle/Anim_IDLE_00001.controller using Guid(bc4c33e210ceab746a50abf2e46c222b) Importer(815301076,1909f56bfc062723c751e8b465ee728b)  -> (artifact id: 'f6b5233f711f29540fff38ffb698b2d5') in 0.004800 seconds
  Import took 0.007909 seconds .

========================================================================
Received Import Request.
  Time since last request: 0.002061 seconds.
  path: Assets/Scenes/Player_Idle/Anim_IDLE_00001.controller
  artifactKey: Guid(bc4c33e210ceab746a50abf2e46c222b) Importer(815301076,1909f56bfc062723c751e8b465ee728b)
Start importing Assets/Scenes/Player_Idle/Anim_IDLE_00001.controller using Guid(bc4c33e210ceab746a50abf2e46c222b) Importer(815301076,1909f56bfc062723c751e8b465ee728b)  -> (artifact id: 'f6b5233f711f29540fff38ffb698b2d5') in 0.004582 seconds
  Import took 0.007405 seconds .

========================================================================
Received Prepare
Registering precompiled user dll's ...
Registered in 0.012831 seconds.
Begin MonoManager ReloadAssembly
Native extension for WindowsStandalone target not found
Native extension for WebGL target not found
Refreshing native plugins compatible for Editor in 0.55 ms, found 2 plugins.
Preloading 0 native plugins for Editor in 0.00 ms.
Invoked RoslynAnalysisRunner static constructor.
RoslynAnalysisRunner will not be running.
RoslynAnalysisRunner has terminated.
Mono: successfully reloaded assembly
- Completed reload, in  1.041 seconds
Platform modules already initialized, skipping
Refreshing native plugins compatible for Editor in 0.57 ms, found 2 plugins.
Preloading 0 native plugins for Editor in 0.00 ms.
Unloading 1777 Unused Serialized files (Serialized files now loaded: 0)
System memory in use before: 90.8 MB.
System memory in use after: 90.9 MB.

Unloading 24 unused Assets to reduce memory usage. Loaded Objects now: 2276.
Total: 2.257200 ms (FindLiveObjects: 0.340700 ms CreateObjectMapping: 0.072600 ms MarkObjects: 1.821000 ms  DeleteObjects: 0.021700 ms)

========================================================================
Received Import Request.
  Time since last request: 166.813735 seconds.
  path: Assets/Ani/Player_Idle.anim
  artifactKey: Guid(6949b5355c625c2429822a67dca1f55f) Importer(815301076,1909f56bfc062723c751e8b465ee728b)
Start importing Assets/Ani/Player_Idle.anim using Guid(6949b5355c625c2429822a67dca1f55f) Importer(815301076,1909f56bfc062723c751e8b465ee728b)  -> (artifact id: '3c0bfc4d7affe9e3b0217dc6f5e62d6c') in 0.020009 seconds
  Import took 0.022885 seconds .

========================================================================
Received Import Request.
  Time since last request: 0.001035 seconds.
  path: Assets/Ani/Player_Idle.anim
  artifactKey: Guid(6949b5355c625c2429822a67dca1f55f) Importer(815301076,1909f56bfc062723c751e8b465ee728b)
Start importing Assets/Ani/Player_Idle.anim using Guid(6949b5355c625c2429822a67dca1f55f) Importer(815301076,1909f56bfc062723c751e8b465ee728b)  -> (artifact id: '3c0bfc4d7affe9e3b0217dc6f5e62d6c') in 0.004574 seconds
  Import took 0.007435 seconds .

========================================================================
Received Import Request.
  Time since last request: 67.601621 seconds.
  path: Assets/Scenes/Player_Walk/Ellen_WALK_001.png
  artifactKey: Guid(3e73af0ce3f2e68468a9b2e6016a9301) Importer(815301076,1909f56bfc062723c751e8b465ee728b)
Start importing Assets/Scenes/Player_Walk/Ellen_WALK_001.png using Guid(3e73af0ce3f2e68468a9b2e6016a9301) Importer(815301076,1909f56bfc062723c751e8b465ee728b)  -> (artifact id: '213b4d5665604d09ec3cc79e9dbb25e5') in 0.047620 seconds
  Import took 0.050494 seconds .

========================================================================
Received Import Request.
  Time since last request: 1.485027 seconds.
  path: Assets/Scenes/Player_Walk/Ellen_WALK_015.png
  artifactKey: Guid(3ce28f8c4fd186346b13d7bf6e49ca58) Importer(815301076,1909f56bfc062723c751e8b465ee728b)
Start importing Assets/Scenes/Player_Walk/Ellen_WALK_015.png using Guid(3ce28f8c4fd186346b13d7bf6e49ca58) Importer(815301076,1909f56bfc062723c751e8b465ee728b)  -> (artifact id: '3849c6983fc67ff2d8e9b5c3df8431f1') in 0.021893 seconds
  Import took 0.025020 seconds .

========================================================================
Received Import Request.
  Time since last request: 0.000388 seconds.
  path: Assets/Scenes/Player_Walk/Ellen_WALK_015.png
  artifactKey: Guid(3ce28f8c4fd186346b13d7bf6e49ca58) Importer(815301076,1909f56bfc062723c751e8b465ee728b)
Start importing Assets/Scenes/Player_Walk/Ellen_WALK_015.png using Guid(3ce28f8c4fd186346b13d7bf6e49ca58) Importer(815301076,1909f56bfc062723c751e8b465ee728b)  -> (artifact id: '3849c6983fc67ff2d8e9b5c3df8431f1') in 0.013471 seconds
  Import took 0.016073 seconds .

========================================================================
Received Import Request.
  Time since last request: 63.624883 seconds.
  path: Assets/Ani/Ellen_WALK_001.controller
  artifactKey: Guid(78aa6b6dec5b6e344914cb36932f4961) Importer(815301076,1909f56bfc062723c751e8b465ee728b)
Start importing Assets/Ani/Ellen_WALK_001.controller using Guid(78aa6b6dec5b6e344914cb36932f4961) Importer(815301076,1909f56bfc062723c751e8b465ee728b)  -> (artifact id: '03ce40609f9af528f99f1256f737b50d') in 0.006373 seconds
  Import took 0.009355 seconds .

========================================================================
Received Import Request.
  Time since last request: 4.122909 seconds.
  path: Assets/Ani/Player_Walk.anim
  artifactKey: Guid(637bf1a37f4ef3d458c1c9da4b604954) Importer(815301076,1909f56bfc062723c751e8b465ee728b)
Start importing Assets/Ani/Player_Walk.anim using Guid(637bf1a37f4ef3d458c1c9da4b604954) Importer(815301076,1909f56bfc062723c751e8b465ee728b)  -> (artifact id: '789744208b7be3273e5d91d575a89522') in 0.009530 seconds
  Import took 0.012407 seconds .

========================================================================
Received Import Request.
  Time since last request: 0.002041 seconds.
  path: Assets/Ani/Player_Walk.anim
  artifactKey: Guid(637bf1a37f4ef3d458c1c9da4b604954) Importer(815301076,1909f56bfc062723c751e8b465ee728b)
Start importing Assets/Ani/Player_Walk.anim using Guid(637bf1a37f4ef3d458c1c9da4b604954) Importer(815301076,1909f56bfc062723c751e8b465ee728b)  -> (artifact id: '789744208b7be3273e5d91d575a89522') in 0.007613 seconds
  Import took 0.011719 seconds .

========================================================================
Received Prepare
Registering precompiled user dll's ...
Registered in 0.012113 seconds.
Begin MonoManager ReloadAssembly
Native extension for WindowsStandalone target not found
Native extension for WebGL target not found
Refreshing native plugins compatible for Editor in 0.49 ms, found 2 plugins.
Preloading 0 native plugins for Editor in 0.00 ms.
Invoked RoslynAnalysisRunner static constructor.
RoslynAnalysisRunner will not be running.
RoslynAnalysisRunner has terminated.
Mono: successfully reloaded assembly
- Completed reload, in  0.970 seconds
Platform modules already initialized, skipping
Refreshing native plugins compatible for Editor in 0.50 ms, found 2 plugins.
Preloading 0 native plugins for Editor in 0.00 ms.
Unloading 1777 Unused Serialized files (Serialized files now loaded: 0)
System memory in use before: 90.9 MB.
System memory in use after: 91.0 MB.

Unloading 24 unused Assets to reduce memory usage. Loaded Objects now: 2279.
Total: 2.061100 ms (FindLiveObjects: 0.258500 ms CreateObjectMapping: 0.042900 ms MarkObjects: 1.737600 ms  DeleteObjects: 0.020200 ms)

========================================================================
Received Prepare
Registering precompiled user dll's ...
Registered in 0.011925 seconds.
Begin MonoManager ReloadAssembly
Native extension for WindowsStandalone target not found
Native extension for WebGL target not found
Refreshing native plugins compatible for Editor in 0.51 ms, found 2 plugins.
Preloading 0 native plugins for Editor in 0.00 ms.
Invoked RoslynAnalysisRunner static constructor.
RoslynAnalysisRunner will not be running.
RoslynAnalysisRunner has terminated.
Mono: successfully reloaded assembly
- Completed reload, in  0.951 seconds
Platform modules already initialized, skipping
Refreshing native plugins compatible for Editor in 0.50 ms, found 2 plugins.
Preloading 0 native plugins for Editor in 0.00 ms.
Unloading 1777 Unused Serialized files (Serialized files now loaded: 0)
System memory in use before: 90.9 MB.
System memory in use after: 91.0 MB.

Unloading 24 unused Assets to reduce memory usage. Loaded Objects now: 2281.
Total: 1.907100 ms (FindLiveObjects: 0.223900 ms CreateObjectMapping: 0.040400 ms MarkObjects: 1.624700 ms  DeleteObjects: 0.017100 ms)

========================================================================
Received Import Request.
  Time since last request: 276.785250 seconds.
  path: Assets/Scenes/Macros/Player.asset
  artifactKey: Guid(5516ab6b5db65d44d9b9fe9c757e08f6) Importer(815301076,1909f56bfc062723c751e8b465ee728b)
Start importing Assets/Scenes/Macros/Player.asset using Guid(5516ab6b5db65d44d9b9fe9c757e08f6) Importer(815301076,1909f56bfc062723c751e8b465ee728b)  -> (artifact id: '4e93d93255ac77d6286eae494e51ea27') in 0.457798 seconds
  Import took 0.460966 seconds .

========================================================================
Received Prepare
Registering precompiled user dll's ...
Registered in 0.013388 seconds.
Begin MonoManager ReloadAssembly
Native extension for WindowsStandalone target not found
Native extension for WebGL target not found
Refreshing native plugins compatible for Editor in 0.56 ms, found 2 plugins.
Preloading 0 native plugins for Editor in 0.00 ms.
Invoked RoslynAnalysisRunner static constructor.
RoslynAnalysisRunner will not be running.
RoslynAnalysisRunner has terminated.
Mono: successfully reloaded assembly
- Completed reload, in  1.028 seconds
Platform modules already initialized, skipping
Refreshing native plugins compatible for Editor in 0.70 ms, found 2 plugins.
Preloading 0 native plugins for Editor in 0.00 ms.
Unloading 1777 Unused Serialized files (Serialized files now loaded: 0)
System memory in use before: 91.0 MB.
System memory in use after: 91.1 MB.

Unloading 24 unused Assets to reduce memory usage. Loaded Objects now: 2283.
Total: 2.086700 ms (FindLiveObjects: 0.271300 ms CreateObjectMapping: 0.045800 ms MarkObjects: 1.749900 ms  DeleteObjects: 0.017900 ms)

========================================================================
Received Prepare
Registering precompiled user dll's ...
Registered in 0.012395 seconds.
Begin MonoManager ReloadAssembly
Native extension for WindowsStandalone target not found
Native extension for WebGL target not found
Refreshing native plugins compatible for Editor in 0.50 ms, found 2 plugins.
Preloading 0 native plugins for Editor in 0.00 ms.
Invoked RoslynAnalysisRunner static constructor.
RoslynAnalysisRunner will not be running.
RoslynAnalysisRunner has terminated.
Mono: successfully reloaded assembly
- Completed reload, in  0.986 seconds
Platform modules already initialized, skipping
Refreshing native plugins compatible for Editor in 0.51 ms, found 2 plugins.
Preloading 0 native plugins for Editor in 0.00 ms.
Unloading 1777 Unused Serialized files (Serialized files now loaded: 0)
System memory in use before: 91.1 MB.
System memory in use after: 91.2 MB.

Unloading 24 unused Assets to reduce memory usage. Loaded Objects now: 2285.
Total: 2.183700 ms (FindLiveObjects: 0.288600 ms CreateObjectMapping: 0.044900 ms MarkObjects: 1.829500 ms  DeleteObjects: 0.019300 ms)

========================================================================
Received Prepare
Registering precompiled user dll's ...
Registered in 0.012511 seconds.
Begin MonoManager ReloadAssembly
Native extension for WindowsStandalone target not found
Native extension for WebGL target not found
Refreshing native plugins compatible for Editor in 0.51 ms, found 2 plugins.
Preloading 0 native plugins for Editor in 0.00 ms.
Invoked RoslynAnalysisRunner static constructor.
RoslynAnalysisRunner will not be running.
RoslynAnalysisRunner has terminated.
Mono: successfully reloaded assembly
- Completed reload, in  0.990 seconds
Platform modules already initialized, skipping
Refreshing native plugins compatible for Editor in 0.68 ms, found 2 plugins.
Preloading 0 native plugins for Editor in 0.00 ms.
Unloading 1777 Unused Serialized files (Serialized files now loaded: 0)
System memory in use before: 91.2 MB.
System memory in use after: 91.3 MB.

Unloading 24 unused Assets to reduce memory usage. Loaded Objects now: 2287.
Total: 2.208200 ms (FindLiveObjects: 0.266300 ms CreateObjectMapping: 0.042800 ms MarkObjects: 1.875200 ms  DeleteObjects: 0.022700 ms)

========================================================================
Received Import Request.
  Time since last request: 364.950342 seconds.
  path: Assets/Scenes/Macros/Player.asset
  artifactKey: Guid(5516ab6b5db65d44d9b9fe9c757e08f6) Importer(815301076,1909f56bfc062723c751e8b465ee728b)
Start importing Assets/Scenes/Macros/Player.asset using Guid(5516ab6b5db65d44d9b9fe9c757e08f6) Importer(815301076,1909f56bfc062723c751e8b465ee728b)  -> (artifact id: 'ee74f59f969a556b0a0a8bf0421b1f3e') in 0.470741 seconds
  Import took 0.473744 seconds .

========================================================================
Received Import Request.
  Time since last request: 33.652674 seconds.
  path: Assets/Ani/Player.controller
  artifactKey: Guid(9a3f36c95b2324e47b292b62ad055c75) Importer(815301076,1909f56bfc062723c751e8b465ee728b)
Start importing Assets/Ani/Player.controller using Guid(9a3f36c95b2324e47b292b62ad055c75) Importer(815301076,1909f56bfc062723c751e8b465ee728b)  -> (artifact id: 'f64527ddc20a2fc9f776aa13b5b86298') in 0.007433 seconds
  Import took 0.010965 seconds .

========================================================================
Received Import Request.
  Time since last request: 0.000615 seconds.
  path: Assets/Ani/Player.controller
  artifactKey: Guid(9a3f36c95b2324e47b292b62ad055c75) Importer(815301076,1909f56bfc062723c751e8b465ee728b)
Start importing Assets/Ani/Player.controller using Guid(9a3f36c95b2324e47b292b62ad055c75) Importer(815301076,1909f56bfc062723c751e8b465ee728b)  -> (artifact id: 'f64527ddc20a2fc9f776aa13b5b86298') in 0.008969 seconds
  Import took 0.012113 seconds .

========================================================================
Received Import Request.
  Time since last request: 71.544799 seconds.
  path: Assets/Ani/Player.controller
  artifactKey: Guid(9a3f36c95b2324e47b292b62ad055c75) Importer(815301076,1909f56bfc062723c751e8b465ee728b)
Start importing Assets/Ani/Player.controller using Guid(9a3f36c95b2324e47b292b62ad055c75) Importer(815301076,1909f56bfc062723c751e8b465ee728b)  -> (artifact id: 'eaeaabff1a5766ab7d821e20ea2bea66') in 0.005802 seconds
  Import took 0.008939 seconds .

========================================================================
Received Prepare
Registering precompiled user dll's ...
Registered in 0.012080 seconds.
Begin MonoManager ReloadAssembly
Native extension for WindowsStandalone target not found
Native extension for WebGL target not found
Refreshing native plugins compatible for Editor in 0.50 ms, found 2 plugins.
Preloading 0 native plugins for Editor in 0.00 ms.
Invoked RoslynAnalysisRunner static constructor.
RoslynAnalysisRunner will not be running.
RoslynAnalysisRunner has terminated.
Mono: successfully reloaded assembly
- Completed reload, in  0.969 seconds
Platform modules already initialized, skipping
Refreshing native plugins compatible for Editor in 0.50 ms, found 2 plugins.
Preloading 0 native plugins for Editor in 0.00 ms.
Unloading 1777 Unused Serialized files (Serialized files now loaded: 0)
System memory in use before: 91.3 MB.
System memory in use after: 91.4 MB.

Unloading 24 unused Assets to reduce memory usage. Loaded Objects now: 2289.
Total: 2.272600 ms (FindLiveObjects: 0.302600 ms CreateObjectMapping: 0.045200 ms MarkObjects: 1.903800 ms  DeleteObjects: 0.020000 ms)

AssetImportWorkerClient::OnTransportError - code=2 error=End of file
